c:\users\zoheb\documents\dp\cs 529\final\space shooter\space shooter\debug\vc141.pdb
c:\users\zoheb\documents\dp\cs 529\final\space shooter\space shooter\debug\vc141.idb
c:\users\zoheb\documents\dp\cs 529\final\space shooter\space shooter\debug\body.obj
c:\users\zoheb\documents\dp\cs 529\final\space shooter\space shooter\debug\collision_manager.obj
c:\users\zoheb\documents\dp\cs 529\final\space shooter\space shooter\debug\component.obj
c:\users\zoheb\documents\dp\cs 529\final\space shooter\space shooter\debug\controller.obj
c:\users\zoheb\documents\dp\cs 529\final\space shooter\space shooter\debug\event_manager.obj
c:\users\zoheb\documents\dp\cs 529\final\space shooter\space shooter\debug\frame_rate_controller.obj
c:\users\zoheb\documents\dp\cs 529\final\space shooter\space shooter\debug\game_object.obj
c:\users\zoheb\documents\dp\cs 529\final\space shooter\space shooter\debug\game_object_factory.obj
c:\users\zoheb\documents\dp\cs 529\final\space shooter\space shooter\debug\game_object_manager.obj
c:\users\zoheb\documents\dp\cs 529\final\space shooter\space shooter\debug\input_manager.obj
c:\users\zoheb\documents\dp\cs 529\final\space shooter\space shooter\debug\main.obj
c:\users\zoheb\documents\dp\cs 529\final\space shooter\space shooter\debug\physics_manager.obj
c:\users\zoheb\documents\dp\cs 529\final\space shooter\space shooter\debug\resource_manager.obj
c:\users\zoheb\documents\dp\cs 529\final\space shooter\space shooter\debug\sprite.obj
c:\users\zoheb\documents\dp\cs 529\final\space shooter\space shooter\debug\transform.obj
c:\users\zoheb\documents\dp\cs 529\final\space shooter\space shooter\debug\up_down.obj
c:\users\zoheb\documents\dp\cs 529\final\space shooter\debug\space shooter.exe
c:\users\zoheb\documents\dp\cs 529\final\space shooter\debug\space shooter.ilk
c:\users\zoheb\documents\dp\cs 529\final\space shooter\debug\space shooter.pdb
c:\users\zoheb\documents\dp\cs 529\final\space shooter\space shooter\debug\space shooter.tlog\cl.command.1.tlog
c:\users\zoheb\documents\dp\cs 529\final\space shooter\space shooter\debug\space shooter.tlog\cl.read.1.tlog
c:\users\zoheb\documents\dp\cs 529\final\space shooter\space shooter\debug\space shooter.tlog\cl.write.1.tlog
c:\users\zoheb\documents\dp\cs 529\final\space shooter\space shooter\debug\space shooter.tlog\link.command.1.tlog
c:\users\zoheb\documents\dp\cs 529\final\space shooter\space shooter\debug\space shooter.tlog\link.read.1.tlog
c:\users\zoheb\documents\dp\cs 529\final\space shooter\space shooter\debug\space shooter.tlog\link.write.1.tlog
