  up_down.cpp
c:\users\zoheb\documents\dp\cs 529\final\space escape\space shooter\up_down.cpp(65): warning C4244: '=': conversion from 'double' to 'float', possible loss of data
c:\users\zoheb\documents\dp\cs 529\final\space escape\space shooter\up_down.cpp(78): warning C4244: '=': conversion from 'double' to 'float', possible loss of data
  transform.cpp
  sprite.cpp
c:\users\zoheb\documents\dp\cs 529\final\space escape\sdl2.0 lib\include\sdl_surface.h(70): warning C4099: 'SDL_Surface': type name first seen using 'class' now seen using 'struct'
  c:\users\zoheb\documents\dp\cs 529\final\space escape\sdl2.0 lib\include\sdl_surface.h(69): note: see declaration of 'SDL_Surface'
c:\users\zoheb\documents\dp\cs 529\final\space escape\space shooter\resource_manager.h(19): warning C4099: 'SDL_Surface': type name first seen using 'struct' now seen using 'class'
  c:\users\zoheb\documents\dp\cs 529\final\space escape\sdl2.0 lib\include\sdl_surface.h(70): note: see declaration of 'SDL_Surface'
c:\users\zoheb\documents\dp\cs 529\final\space escape\space shooter\sprite.cpp(108): warning C4244: '=': conversion from 'double' to 'GLfloat', possible loss of data
  resource_manager.cpp
c:\users\zoheb\documents\dp\cs 529\final\space escape\sdl2.0 lib\include\sdl_surface.h(70): warning C4099: 'SDL_Surface': type name first seen using 'class' now seen using 'struct'
  c:\users\zoheb\documents\dp\cs 529\final\space escape\sdl2.0 lib\include\sdl_surface.h(69): note: see declaration of 'SDL_Surface'
  physics_manager.cpp
  main.cpp
c:\users\zoheb\documents\dp\cs 529\final\space escape\space shooter\resource_manager.h(19): warning C4099: 'SDL_Surface': type name first seen using 'struct' now seen using 'class'
  c:\users\zoheb\documents\dp\cs 529\final\space escape\sdl2.0 lib\include\sdl_surface.h(70): note: see declaration of 'SDL_Surface'
c:\users\zoheb\documents\dp\cs 529\final\space escape\space shooter\sprite.h(32): warning C4099: 'SDL_Surface': type name first seen using 'struct' now seen using 'class'
  c:\users\zoheb\documents\dp\cs 529\final\space escape\space shooter\resource_manager.h(19): note: see declaration of 'SDL_Surface'
c:\program files (x86)\windows kits\10\include\10.0.16299.0\shared\minwindef.h(130): warning C4005: 'APIENTRY': macro redefinition
  c:\users\zoheb\documents\dp\cs 529\final\space escape\opngl\include\glfw\glfw3.h(98): note: see previous definition of 'APIENTRY'
c:\users\zoheb\documents\dp\cs 529\final\space escape\space shooter\main.cpp(222): warning C4244: '=': conversion from 'double' to 'float', possible loss of data
c:\users\zoheb\documents\dp\cs 529\final\space escape\space shooter\main.cpp(223): warning C4244: '=': conversion from 'double' to 'float', possible loss of data
c:\users\zoheb\documents\dp\cs 529\final\space escape\space shooter\main.cpp(237): warning C4305: '=': truncation from 'double' to 'float'
c:\users\zoheb\documents\dp\cs 529\final\space escape\space shooter\main.cpp(238): warning C4305: '=': truncation from 'double' to 'float'
c:\users\zoheb\documents\dp\cs 529\final\space escape\space shooter\main.cpp(254): warning C4305: '=': truncation from 'double' to 'float'
c:\users\zoheb\documents\dp\cs 529\final\space escape\space shooter\main.cpp(255): warning C4305: '=': truncation from 'double' to 'float'
c:\users\zoheb\documents\dp\cs 529\final\space escape\space shooter\main.cpp(271): warning C4305: '=': truncation from 'double' to 'float'
  input_manager.cpp
  game_object_manager.cpp
c:\users\zoheb\documents\dp\cs 529\final\space escape\space shooter\game_object_manager.cpp(22): warning C4150: deletion of pointer to incomplete type 'game_object'; no destructor called
  c:\users\zoheb\documents\dp\cs 529\final\space escape\space shooter\game_object_manager.h(16): note: see declaration of 'game_object'
  game_object_factory.cpp
  game_object.cpp
  frame_rate_controller.cpp
  event_manager.cpp
  controller.cpp
c:\users\zoheb\documents\dp\cs 529\final\space escape\space shooter\sprite.h(32): warning C4099: 'SDL_Surface': type name first seen using 'struct' now seen using 'class'
  c:\users\zoheb\documents\dp\cs 529\final\space escape\sdl2.0 lib\include\sdl_surface.h(70): note: see declaration of 'SDL_Surface'
c:\users\zoheb\documents\dp\cs 529\final\space escape\space shooter\controller.cpp(60): warning C4244: 'argument': conversion from 'double' to 'float', possible loss of data
c:\users\zoheb\documents\dp\cs 529\final\space escape\space shooter\controller.cpp(61): warning C4244: 'argument': conversion from 'double' to 'float', possible loss of data
c:\users\zoheb\documents\dp\cs 529\final\space escape\space shooter\controller.cpp(66): warning C4244: 'argument': conversion from 'double' to 'float', possible loss of data
c:\users\zoheb\documents\dp\cs 529\final\space escape\space shooter\controller.cpp(67): warning C4244: 'argument': conversion from 'double' to 'float', possible loss of data
c:\users\zoheb\documents\dp\cs 529\final\space escape\space shooter\controller.cpp(133): warning C4244: 'argument': conversion from 'double' to 'float', possible loss of data
c:\users\zoheb\documents\dp\cs 529\final\space escape\space shooter\controller.cpp(134): warning C4244: 'argument': conversion from 'double' to 'float', possible loss of data
  component.cpp
  collision_manager.cpp
  body.cpp
  Generating Code...
MSVCRTD.lib(initializers.obj) : warning LNK4098: defaultlib 'msvcrt.lib' conflicts with use of other libs; use /NODEFAULTLIB:library
SDL2main.lib(SDL_windows_main.obj) : warning LNK4217: locally defined symbol ___iob_func imported in function _ShowError
  Space Shooter.vcxproj -> C:\Users\zoheb\Documents\dp\CS 529\Final\Space Escape\Debug\Space Shooter.exe
